<?xml version="1.0" encoding="UTF-8"?>
<!-- Generated by org.testng.reporters.JUnitReportReporter -->
<testsuite hostname="Toshiba" name="com.cucumber.RianFlow.AppTest" tests="1" failures="0" timestamp="3 Apr 2017 19:43:49 GMT" time="0.001" errors="0">
  <testcase name="testApp" time="0.001" classname="com.cucumber.RianFlow.AppTest"/>
</testsuite> <!-- com.cucumber.RianFlow.AppTest -->
